<?xml version="1.0" encoding="UTF-8"?>
<!-- Generated by org.testng.reporters.JUnitReportReporter -->
<testsuite hostname="LAPTOP-MQCSFHCV" failures="0" tests="1" name="cucumber.TestNGTestRunner" time="10.176" errors="0" timestamp="2024-03-15T08:13:44 IST" skipped="0">
  <testcase classname="cucumber.TestNGTestRunner" name="runScenario" time="10.176"/>
</testsuite> <!-- cucumber.TestNGTestRunner -->
