<?xml version="1.0" encoding="UTF-8"?>
<!-- Generated by org.testng.reporters.JUnitReportReporter -->
<testsuite hostname="LAPTOP-MQCSFHCV" failures="0" tests="2" name="rahulshettyacademy.Tests.SubmitOrderTest_160" time="18.605" errors="0" timestamp="2024-03-09T15:10:54 IST" skipped="0">
  <testcase classname="rahulshettyacademy.Tests.SubmitOrderTest_160" name="submitOrder" time="7.527"/>
  <testcase classname="rahulshettyacademy.Tests.SubmitOrderTest_160" name="submitOrder" time="11.078"/>
</testsuite> <!-- rahulshettyacademy.Tests.SubmitOrderTest_160 -->
