<?xml version="1.0" encoding="UTF-8"?>
<!-- Generated by org.testng.reporters.JUnitReportReporter -->
<testsuite hostname="LAPTOP-MQCSFHCV" failures="0" tests="1" name="rahulshettyacademy.Tests.ErrorValidations_167" time="3.611" errors="0" timestamp="2024-02-18T13:59:13 IST" skipped="0">
  <testcase classname="rahulshettyacademy.Tests.ErrorValidations_167" name="submitOrder" time="3.611"/>
  <system-out/>
</testsuite> <!-- rahulshettyacademy.Tests.ErrorValidations_167 -->
