<?xml version="1.0" encoding="UTF-8"?>
<!-- Generated by org.testng.reporters.JUnitReportReporter -->
<testsuite hostname="LAPTOP-MQCSFHCV" failures="0" tests="3" name="rahulshettyacademy.Tests.SubmitOrderTest_160" time="30.204" errors="0" timestamp="2024-03-09T23:15:27 IST" skipped="0">
  <testcase classname="rahulshettyacademy.Tests.SubmitOrderTest_160" name="OrderHistoryTest" time="8.381"/>
  <testcase classname="rahulshettyacademy.Tests.SubmitOrderTest_160" name="submitOrder" time="8.624"/>
  <testcase classname="rahulshettyacademy.Tests.SubmitOrderTest_160" name="submitOrder" time="13.199"/>
</testsuite> <!-- rahulshettyacademy.Tests.SubmitOrderTest_160 -->
